<?xml version="1.0" encoding="UTF-8"?>
<!-- Generated by org.testng.reporters.JUnitReportReporter -->
<testsuite hostname="Sanofie" failures="0" tests="2" name="com.simplilearn.testng.FirstDemo" time="0.021" errors="0" timestamp="2022-09-29T23:44:10 IST" skipped="0">
  <testcase classname="com.simplilearn.testng.FirstDemo" name="Hello" time="0.016"/>
  <system-out/>
  <testcase classname="com.simplilearn.testng.FirstDemo" name="Hello1" time="0.005"/>
  <system-out/>
</testsuite> <!-- com.simplilearn.testng.FirstDemo -->
