<?xml version="1.0" encoding="UTF-8"?>
<!-- Generated by org.testng.reporters.JUnitReportReporter -->
<testsuite hostname="Sanofie" failures="0" tests="1" name="com.simplilearn.testng.AssertionExample" time="6.355" errors="0" timestamp="2022-09-29T23:44:10 IST" skipped="0">
  <testcase classname="com.simplilearn.testng.AssertionExample" name="TitleTest" time="6.355"/>
  <system-out/>
</testsuite> <!-- com.simplilearn.testng.AssertionExample -->
