<?xml version="1.0" encoding="UTF-8"?>
<!-- Generated by org.testng.reporters.JUnitReportReporter -->
<testsuite hostname="Sanofie" failures="0" tests="1" name="com.simplilearn.testng.FacebookLogin" time="5.063" errors="0" timestamp="2022-09-29T23:44:10 IST" skipped="0">
  <testcase classname="com.simplilearn.testng.FacebookLogin" name="facebook" time="5.063"/>
  <system-out/>
</testsuite> <!-- com.simplilearn.testng.FacebookLogin -->
